<?xml version="1.0" encoding="UTF-8"?>
<testsuite xmlns:xsi="http://www.w3.org/2001/XMLSchema-instance" xsi:noNamespaceSchemaLocation="https://maven.apache.org/surefire/maven-surefire-plugin/xsd/surefire-test-report-3.0.xsd" version="3.0" name="CalculateTest" time="0.141" tests="9" errors="0" skipped="0" failures="0">
  <properties>
[...]
</properties>
  <testcase name="testNineSubstractFiveShouldEqualFour" classname="CalculateTest" time="0.047"/>
  <testcase name="testFourMultiplyTwoShouldEqualEight" classname="CalculateTest" time="0"/>
  <testcase name="testSixDivideThreeShouldEqualTwo" classname="CalculateTest" time="0"/>
  <testcase name="testTwoPlusOneShouldEqualThree" classname="CalculateTest" time="0"/>
  <testcase name="method1(double, double, double)[1]" classname="CalculateTest" time="0.031"/>
  <testcase name="method1(double, double, double)[2]" classname="CalculateTest" time="0"/>
  <testcase name="method1(double, double, double)[3]" classname="CalculateTest" time="0"/>
  <testcase name="method1(double, double, double)[4]" classname="CalculateTest" time="0"/>
  <testcase name="method1(double, double, double)[5]" classname="CalculateTest" time="0"/>
</testsuite>